[0.670s] DEBUG:colcon:Command line arguments: ['/usr/bin/colcon', 'build', '--packages-select', 'robot_patrol']
[0.671s] DEBUG:colcon:Parsed command line arguments: Namespace(ament_cmake_args=None, base_paths=['.'], build_base='build', catkin_cmake_args=None, catkin_skip_building_tests=False, cmake_args=None, cmake_clean_cache=False, cmake_clean_first=False, cmake_force_configure=False, cmake_target=None, cmake_target_skip_unavailable=False, continue_on_error=False, event_handlers=None, executor='parallel', ignore_user_meta=False, install_base='install', log_base=None, log_level=None, main=<bound method BuildVerb.main of <colcon_core.verb.build.BuildVerb object at 0x7f51b7cf9850>>, merge_install=False, metas=['./colcon.meta'], packages_above=None, packages_above_and_dependencies=None, packages_above_depth=None, packages_end=None, packages_ignore=None, packages_ignore_regex=None, packages_select=['robot_patrol'], packages_select_build_failed=False, packages_select_by_dep=None, packages_select_regex=None, packages_select_test_failures=False, packages_skip=None, packages_skip_build_finished=False, packages_skip_by_dep=None, packages_skip_regex=None, packages_skip_test_passed=False, packages_skip_up_to=None, packages_start=None, packages_up_to=None, packages_up_to_regex=None, parallel_workers=8, paths=None, symlink_install=False, test_result_base=None, verb_extension=<colcon_core.verb.build.BuildVerb object at 0x7f51b7cf9850>, verb_name='build', verb_parser=<colcon_defaults.argument_parser.defaults.DefaultArgumentsDecorator object at 0x7f51b7cf9dc0>)
[0.682s] Level 1:colcon.colcon_core.package_discovery:discover_packages(colcon_meta) check parameters
[0.682s] Level 1:colcon.colcon_core.package_discovery:discover_packages(recursive) check parameters
[0.682s] Level 1:colcon.colcon_core.package_discovery:discover_packages(ignore) check parameters
[0.682s] Level 1:colcon.colcon_core.package_discovery:discover_packages(path) check parameters
[0.682s] Level 1:colcon.colcon_core.package_discovery:discover_packages(colcon_meta) discover
[0.683s] Level 1:colcon.colcon_core.package_discovery:discover_packages(recursive) discover
[0.683s] INFO:colcon.colcon_core.package_discovery:Crawling recursively for packages in '/home/user/ros2_ws/src/citylab_project'
[0.683s] Level 1:colcon.colcon_core.package_identification:_identify(.) by extensions ['ignore', 'ignore_ament_install']
[0.683s] Level 1:colcon.colcon_core.package_identification:_identify(.) by extension 'ignore'
[0.683s] Level 1:colcon.colcon_core.package_identification:_identify(.) by extension 'ignore_ament_install'
[0.684s] Level 1:colcon.colcon_core.package_identification:_identify(.) by extensions ['colcon_pkg']
[0.684s] Level 1:colcon.colcon_core.package_identification:_identify(.) by extension 'colcon_pkg'
[0.684s] Level 1:colcon.colcon_core.package_identification:_identify(.) by extensions ['colcon_meta']
[0.684s] Level 1:colcon.colcon_core.package_identification:_identify(.) by extension 'colcon_meta'
[0.684s] Level 1:colcon.colcon_core.package_identification:_identify(.) by extensions ['ros']
[0.684s] Level 1:colcon.colcon_core.package_identification:_identify(.) by extension 'ros'
[0.706s] Level 1:colcon.colcon_core.package_identification:_identify(.) by extensions ['cmake', 'python']
[0.707s] Level 1:colcon.colcon_core.package_identification:_identify(.) by extension 'cmake'
[0.707s] Level 1:colcon.colcon_core.package_identification:_identify(.) by extension 'python'
[0.707s] Level 1:colcon.colcon_core.package_identification:_identify(.) by extensions ['python_setup_py']
[0.707s] Level 1:colcon.colcon_core.package_identification:_identify(.) by extension 'python_setup_py'
[0.707s] Level 1:colcon.colcon_core.package_identification:_identify(build) by extensions ['ignore', 'ignore_ament_install']
[0.707s] Level 1:colcon.colcon_core.package_identification:_identify(build) by extension 'ignore'
[0.707s] Level 1:colcon.colcon_core.package_identification:_identify(build) ignored
[0.708s] Level 1:colcon.colcon_core.package_identification:_identify(install) by extensions ['ignore', 'ignore_ament_install']
[0.708s] Level 1:colcon.colcon_core.package_identification:_identify(install) by extension 'ignore'
[0.708s] Level 1:colcon.colcon_core.package_identification:_identify(install) ignored
[0.708s] Level 1:colcon.colcon_core.package_identification:_identify(log) by extensions ['ignore', 'ignore_ament_install']
[0.708s] Level 1:colcon.colcon_core.package_identification:_identify(log) by extension 'ignore'
[0.708s] Level 1:colcon.colcon_core.package_identification:_identify(log) ignored
[0.709s] Level 1:colcon.colcon_core.package_identification:_identify(robot_patrol) by extensions ['ignore', 'ignore_ament_install']
[0.709s] Level 1:colcon.colcon_core.package_identification:_identify(robot_patrol) by extension 'ignore'
[0.709s] Level 1:colcon.colcon_core.package_identification:_identify(robot_patrol) by extension 'ignore_ament_install'
[0.709s] Level 1:colcon.colcon_core.package_identification:_identify(robot_patrol) by extensions ['colcon_pkg']
[0.709s] Level 1:colcon.colcon_core.package_identification:_identify(robot_patrol) by extension 'colcon_pkg'
[0.709s] Level 1:colcon.colcon_core.package_identification:_identify(robot_patrol) by extensions ['colcon_meta']
[0.709s] Level 1:colcon.colcon_core.package_identification:_identify(robot_patrol) by extension 'colcon_meta'
[0.709s] Level 1:colcon.colcon_core.package_identification:_identify(robot_patrol) by extensions ['ros']
[0.710s] Level 1:colcon.colcon_core.package_identification:_identify(robot_patrol) by extension 'ros'
[0.714s] DEBUG:colcon.colcon_core.package_identification:Package 'robot_patrol' with type 'ros.ament_cmake' and name 'robot_patrol'
[0.714s] Level 1:colcon.colcon_core.package_identification:_identify(robot_patrol_interface) by extensions ['ignore', 'ignore_ament_install']
[0.715s] Level 1:colcon.colcon_core.package_identification:_identify(robot_patrol_interface) by extension 'ignore'
[0.715s] Level 1:colcon.colcon_core.package_identification:_identify(robot_patrol_interface) by extension 'ignore_ament_install'
[0.715s] Level 1:colcon.colcon_core.package_identification:_identify(robot_patrol_interface) by extensions ['colcon_pkg']
[0.715s] Level 1:colcon.colcon_core.package_identification:_identify(robot_patrol_interface) by extension 'colcon_pkg'
[0.715s] Level 1:colcon.colcon_core.package_identification:_identify(robot_patrol_interface) by extensions ['colcon_meta']
[0.715s] Level 1:colcon.colcon_core.package_identification:_identify(robot_patrol_interface) by extension 'colcon_meta'
[0.715s] Level 1:colcon.colcon_core.package_identification:_identify(robot_patrol_interface) by extensions ['ros']
[0.715s] Level 1:colcon.colcon_core.package_identification:_identify(robot_patrol_interface) by extension 'ros'
[0.716s] DEBUG:colcon.colcon_core.package_identification:Package 'robot_patrol_interface' with type 'ros.ament_cmake' and name 'robot_patrol_interface'
[0.716s] Level 1:colcon.colcon_core.package_discovery:discover_packages(recursive) using defaults
[0.716s] Level 1:colcon.colcon_core.package_discovery:discover_packages(ignore) discover
[0.716s] Level 1:colcon.colcon_core.package_discovery:discover_packages(ignore) using defaults
[0.716s] Level 1:colcon.colcon_core.package_discovery:discover_packages(path) discover
[0.716s] Level 1:colcon.colcon_core.package_discovery:discover_packages(path) using defaults
[0.748s] INFO:colcon.colcon_core.package_selection:Skipping not selected package 'robot_patrol_interface' in 'robot_patrol_interface'
[0.754s] Level 5:colcon.colcon_core.verb:set package 'robot_patrol' build argument 'cmake_args' from command line to 'None'
[0.754s] Level 5:colcon.colcon_core.verb:set package 'robot_patrol' build argument 'cmake_target' from command line to 'None'
[0.754s] Level 5:colcon.colcon_core.verb:set package 'robot_patrol' build argument 'cmake_target_skip_unavailable' from command line to 'False'
[0.754s] Level 5:colcon.colcon_core.verb:set package 'robot_patrol' build argument 'cmake_clean_cache' from command line to 'False'
[0.755s] Level 5:colcon.colcon_core.verb:set package 'robot_patrol' build argument 'cmake_clean_first' from command line to 'False'
[0.755s] Level 5:colcon.colcon_core.verb:set package 'robot_patrol' build argument 'cmake_force_configure' from command line to 'False'
[0.755s] Level 5:colcon.colcon_core.verb:set package 'robot_patrol' build argument 'ament_cmake_args' from command line to 'None'
[0.755s] Level 5:colcon.colcon_core.verb:set package 'robot_patrol' build argument 'catkin_cmake_args' from command line to 'None'
[0.755s] Level 5:colcon.colcon_core.verb:set package 'robot_patrol' build argument 'catkin_skip_building_tests' from command line to 'False'
[0.755s] DEBUG:colcon.colcon_core.verb:Building package 'robot_patrol' with the following arguments: {'ament_cmake_args': None, 'build_base': '/home/user/ros2_ws/src/citylab_project/build/robot_patrol', 'catkin_cmake_args': None, 'catkin_skip_building_tests': False, 'cmake_args': None, 'cmake_clean_cache': False, 'cmake_clean_first': False, 'cmake_force_configure': False, 'cmake_target': None, 'cmake_target_skip_unavailable': False, 'install_base': '/home/user/ros2_ws/src/citylab_project/install/robot_patrol', 'merge_install': False, 'path': '/home/user/ros2_ws/src/citylab_project/robot_patrol', 'symlink_install': False, 'test_result_base': None}
[0.756s] INFO:colcon.colcon_core.executor:Executing jobs using 'parallel' executor
[0.774s] DEBUG:colcon.colcon_parallel_executor.executor.parallel:run_until_complete
[0.775s] INFO:colcon.colcon_ros.task.ament_cmake.build:Building ROS package in '/home/user/ros2_ws/src/citylab_project/robot_patrol' with build type 'ament_cmake'
[0.776s] INFO:colcon.colcon_cmake.task.cmake.build:Building CMake package in '/home/user/ros2_ws/src/citylab_project/robot_patrol'
[0.792s] INFO:colcon.colcon_core.plugin_system:Skipping extension 'colcon_core.shell.bat': Not used on non-Windows systems
[0.793s] INFO:colcon.colcon_core.shell:Skip shell extension 'powershell' for command environment: Not usable outside of PowerShell
[0.793s] DEBUG:colcon.colcon_core.shell:Skip shell extension 'dsv' for command environment
[0.810s] DEBUG:colcon.colcon_core.shell:Ignoring prefix path '/opt/ros/foxy'
[0.810s] WARNING:colcon.colcon_core.shell:The following packages are in the workspace but haven't been built:
- robot_patrol_interface
They are being used from the following locations instead:
- /home/user/ros2_ws/install/robot_patrol_interface
To suppress this warning ignore these packages in the workspace:
--packages-ignore robot_patrol_interface
[0.831s] DEBUG:colcon.colcon_core.event_handler.log_command:Invoking command in '/home/user/ros2_ws/src/citylab_project/build/robot_patrol': CMAKE_PREFIX_PATH=${CMAKE_PREFIX_PATH}:/opt/ros/foxy _=/usr/bin/env /usr/bin/cmake --build /home/user/ros2_ws/src/citylab_project/build/robot_patrol -- -j8 -l8
[4.209s] DEBUG:colcon.colcon_core.event_handler.log_command:Invoked command in '/home/user/ros2_ws/src/citylab_project/build/robot_patrol' returned '2': CMAKE_PREFIX_PATH=${CMAKE_PREFIX_PATH}:/opt/ros/foxy _=/usr/bin/env /usr/bin/cmake --build /home/user/ros2_ws/src/citylab_project/build/robot_patrol -- -j8 -l8
[4.365s] Level 1:colcon.colcon_core.environment:create_environment_scripts_only(robot_patrol)
[4.370s] Level 1:colcon.colcon_core.environment:checking '/home/user/ros2_ws/src/citylab_project/install/robot_patrol' for CMake module files
[4.371s] Level 1:colcon.colcon_core.environment:checking '/home/user/ros2_ws/src/citylab_project/install/robot_patrol' for CMake config files
[4.372s] Level 1:colcon.colcon_core.environment:checking '/home/user/ros2_ws/src/citylab_project/install/robot_patrol/bin'
[4.372s] Level 1:colcon.colcon_core.environment:checking '/home/user/ros2_ws/src/citylab_project/install/robot_patrol/lib/pkgconfig/robot_patrol.pc'
[4.372s] Level 1:colcon.colcon_core.environment:checking '/home/user/ros2_ws/src/citylab_project/install/robot_patrol/lib/python3.8/site-packages'
[4.373s] INFO:colcon.colcon_core.shell:Creating package script '/home/user/ros2_ws/src/citylab_project/install/robot_patrol/share/robot_patrol/package.ps1'
[4.374s] INFO:colcon.colcon_core.shell:Creating package descriptor '/home/user/ros2_ws/src/citylab_project/install/robot_patrol/share/robot_patrol/package.dsv'
[4.375s] INFO:colcon.colcon_core.shell:Creating package script '/home/user/ros2_ws/src/citylab_project/install/robot_patrol/share/robot_patrol/package.sh'
[4.376s] INFO:colcon.colcon_core.shell:Creating package script '/home/user/ros2_ws/src/citylab_project/install/robot_patrol/share/robot_patrol/package.bash'
[4.377s] INFO:colcon.colcon_core.shell:Creating package script '/home/user/ros2_ws/src/citylab_project/install/robot_patrol/share/robot_patrol/package.zsh'
[4.379s] Level 1:colcon.colcon_core.environment:create_file_with_runtime_dependencies(/home/user/ros2_ws/src/citylab_project/install/robot_patrol/share/colcon-core/packages/robot_patrol)
[4.389s] DEBUG:colcon.colcon_parallel_executor.executor.parallel:closing loop
[4.390s] DEBUG:colcon.colcon_parallel_executor.executor.parallel:loop closed
[4.390s] DEBUG:colcon.colcon_parallel_executor.executor.parallel:run_until_complete finished with '2'
[4.390s] DEBUG:colcon.colcon_core.event_reactor:joining thread
[4.401s] INFO:colcon.colcon_core.plugin_system:Skipping extension 'colcon_notification.desktop_notification.notify_send': Could not find 'notify-send'
[4.401s] INFO:colcon.colcon_core.plugin_system:Skipping extension 'colcon_notification.desktop_notification.terminal_notifier': Not used on non-Darwin systems
[4.402s] INFO:colcon.colcon_core.plugin_system:Skipping extension 'colcon_notification.desktop_notification.win32': Not used on non-Windows systems
[4.402s] INFO:colcon.colcon_notification.desktop_notification:Sending desktop notification using 'notify2'
[4.430s] DEBUG:colcon.colcon_notification.desktop_notification.notify2:Failed to initialize notify2: org.freedesktop.DBus.Error.ServiceUnknown: The name org.freedesktop.Notifications was not provided by any .service files
[4.431s] DEBUG:colcon.colcon_core.event_reactor:joined thread
[4.433s] INFO:colcon.colcon_core.shell:Creating prefix script '/home/user/ros2_ws/src/citylab_project/install/local_setup.ps1'
[4.435s] INFO:colcon.colcon_core.shell:Creating prefix util module '/home/user/ros2_ws/src/citylab_project/install/_local_setup_util_ps1.py'
[4.438s] INFO:colcon.colcon_core.shell:Creating prefix chain script '/home/user/ros2_ws/src/citylab_project/install/setup.ps1'
[4.444s] INFO:colcon.colcon_core.shell:Creating prefix script '/home/user/ros2_ws/src/citylab_project/install/local_setup.sh'
[4.446s] INFO:colcon.colcon_core.shell:Creating prefix util module '/home/user/ros2_ws/src/citylab_project/install/_local_setup_util_sh.py'
[4.448s] INFO:colcon.colcon_core.shell:Creating prefix chain script '/home/user/ros2_ws/src/citylab_project/install/setup.sh'
[4.452s] INFO:colcon.colcon_core.shell:Creating prefix script '/home/user/ros2_ws/src/citylab_project/install/local_setup.bash'
[4.453s] INFO:colcon.colcon_core.shell:Creating prefix chain script '/home/user/ros2_ws/src/citylab_project/install/setup.bash'
[4.458s] INFO:colcon.colcon_core.shell:Creating prefix script '/home/user/ros2_ws/src/citylab_project/install/local_setup.zsh'
[4.458s] INFO:colcon.colcon_core.shell:Creating prefix chain script '/home/user/ros2_ws/src/citylab_project/install/setup.zsh'
