[0.681s] DEBUG:colcon:Command line arguments: ['/usr/bin/colcon', 'build', '--packages-select', 'robot_patrol']
[0.681s] DEBUG:colcon:Parsed command line arguments: Namespace(ament_cmake_args=None, base_paths=['.'], build_base='build', catkin_cmake_args=None, catkin_skip_building_tests=False, cmake_args=None, cmake_clean_cache=False, cmake_clean_first=False, cmake_force_configure=False, cmake_target=None, cmake_target_skip_unavailable=False, continue_on_error=False, event_handlers=None, executor='parallel', ignore_user_meta=False, install_base='install', log_base=None, log_level=None, main=<bound method BuildVerb.main of <colcon_core.verb.build.BuildVerb object at 0x7f771f4e09a0>>, merge_install=False, metas=['./colcon.meta'], packages_above=None, packages_above_and_dependencies=None, packages_above_depth=None, packages_end=None, packages_ignore=None, packages_ignore_regex=None, packages_select=['robot_patrol'], packages_select_build_failed=False, packages_select_by_dep=None, packages_select_regex=None, packages_select_test_failures=False, packages_skip=None, packages_skip_build_finished=False, packages_skip_by_dep=None, packages_skip_regex=None, packages_skip_test_passed=False, packages_skip_up_to=None, packages_start=None, packages_up_to=None, packages_up_to_regex=None, parallel_workers=8, paths=None, symlink_install=False, test_result_base=None, verb_extension=<colcon_core.verb.build.BuildVerb object at 0x7f771f4e09a0>, verb_name='build', verb_parser=<colcon_defaults.argument_parser.defaults.DefaultArgumentsDecorator object at 0x7f771f4e0f10>)
[0.692s] Level 1:colcon.colcon_core.package_discovery:discover_packages(colcon_meta) check parameters
[0.692s] Level 1:colcon.colcon_core.package_discovery:discover_packages(recursive) check parameters
[0.692s] Level 1:colcon.colcon_core.package_discovery:discover_packages(ignore) check parameters
[0.692s] Level 1:colcon.colcon_core.package_discovery:discover_packages(path) check parameters
[0.692s] Level 1:colcon.colcon_core.package_discovery:discover_packages(colcon_meta) discover
[0.692s] Level 1:colcon.colcon_core.package_discovery:discover_packages(recursive) discover
[0.692s] INFO:colcon.colcon_core.package_discovery:Crawling recursively for packages in '/home/user/ros2_ws/src/citylab_project'
[0.693s] Level 1:colcon.colcon_core.package_identification:_identify(.) by extensions ['ignore', 'ignore_ament_install']
[0.693s] Level 1:colcon.colcon_core.package_identification:_identify(.) by extension 'ignore'
[0.693s] Level 1:colcon.colcon_core.package_identification:_identify(.) by extension 'ignore_ament_install'
[0.693s] Level 1:colcon.colcon_core.package_identification:_identify(.) by extensions ['colcon_pkg']
[0.693s] Level 1:colcon.colcon_core.package_identification:_identify(.) by extension 'colcon_pkg'
[0.693s] Level 1:colcon.colcon_core.package_identification:_identify(.) by extensions ['colcon_meta']
[0.693s] Level 1:colcon.colcon_core.package_identification:_identify(.) by extension 'colcon_meta'
[0.694s] Level 1:colcon.colcon_core.package_identification:_identify(.) by extensions ['ros']
[0.694s] Level 1:colcon.colcon_core.package_identification:_identify(.) by extension 'ros'
[0.711s] Level 1:colcon.colcon_core.package_identification:_identify(.) by extensions ['cmake', 'python']
[0.711s] Level 1:colcon.colcon_core.package_identification:_identify(.) by extension 'cmake'
[0.711s] Level 1:colcon.colcon_core.package_identification:_identify(.) by extension 'python'
[0.711s] Level 1:colcon.colcon_core.package_identification:_identify(.) by extensions ['python_setup_py']
[0.711s] Level 1:colcon.colcon_core.package_identification:_identify(.) by extension 'python_setup_py'
[0.712s] Level 1:colcon.colcon_core.package_identification:_identify(build) by extensions ['ignore', 'ignore_ament_install']
[0.712s] Level 1:colcon.colcon_core.package_identification:_identify(build) by extension 'ignore'
[0.712s] Level 1:colcon.colcon_core.package_identification:_identify(build) ignored
[0.712s] Level 1:colcon.colcon_core.package_identification:_identify(install) by extensions ['ignore', 'ignore_ament_install']
[0.712s] Level 1:colcon.colcon_core.package_identification:_identify(install) by extension 'ignore'
[0.712s] Level 1:colcon.colcon_core.package_identification:_identify(install) ignored
[0.712s] Level 1:colcon.colcon_core.package_identification:_identify(log) by extensions ['ignore', 'ignore_ament_install']
[0.713s] Level 1:colcon.colcon_core.package_identification:_identify(log) by extension 'ignore'
[0.713s] Level 1:colcon.colcon_core.package_identification:_identify(log) ignored
[0.713s] Level 1:colcon.colcon_core.package_identification:_identify(robot_patrol) by extensions ['ignore', 'ignore_ament_install']
[0.713s] Level 1:colcon.colcon_core.package_identification:_identify(robot_patrol) by extension 'ignore'
[0.713s] Level 1:colcon.colcon_core.package_identification:_identify(robot_patrol) by extension 'ignore_ament_install'
[0.713s] Level 1:colcon.colcon_core.package_identification:_identify(robot_patrol) by extensions ['colcon_pkg']
[0.713s] Level 1:colcon.colcon_core.package_identification:_identify(robot_patrol) by extension 'colcon_pkg'
[0.713s] Level 1:colcon.colcon_core.package_identification:_identify(robot_patrol) by extensions ['colcon_meta']
[0.714s] Level 1:colcon.colcon_core.package_identification:_identify(robot_patrol) by extension 'colcon_meta'
[0.714s] Level 1:colcon.colcon_core.package_identification:_identify(robot_patrol) by extensions ['ros']
[0.714s] Level 1:colcon.colcon_core.package_identification:_identify(robot_patrol) by extension 'ros'
[0.717s] DEBUG:colcon.colcon_core.package_identification:Package 'robot_patrol' with type 'ros.ament_cmake' and name 'robot_patrol'
[0.717s] Level 1:colcon.colcon_core.package_identification:_identify(robot_patrol_interface) by extensions ['ignore', 'ignore_ament_install']
[0.717s] Level 1:colcon.colcon_core.package_identification:_identify(robot_patrol_interface) by extension 'ignore'
[0.718s] Level 1:colcon.colcon_core.package_identification:_identify(robot_patrol_interface) by extension 'ignore_ament_install'
[0.718s] Level 1:colcon.colcon_core.package_identification:_identify(robot_patrol_interface) by extensions ['colcon_pkg']
[0.718s] Level 1:colcon.colcon_core.package_identification:_identify(robot_patrol_interface) by extension 'colcon_pkg'
[0.718s] Level 1:colcon.colcon_core.package_identification:_identify(robot_patrol_interface) by extensions ['colcon_meta']
[0.718s] Level 1:colcon.colcon_core.package_identification:_identify(robot_patrol_interface) by extension 'colcon_meta'
[0.718s] Level 1:colcon.colcon_core.package_identification:_identify(robot_patrol_interface) by extensions ['ros']
[0.718s] Level 1:colcon.colcon_core.package_identification:_identify(robot_patrol_interface) by extension 'ros'
[0.719s] DEBUG:colcon.colcon_core.package_identification:Package 'robot_patrol_interface' with type 'ros.ament_cmake' and name 'robot_patrol_interface'
[0.719s] Level 1:colcon.colcon_core.package_discovery:discover_packages(recursive) using defaults
[0.719s] Level 1:colcon.colcon_core.package_discovery:discover_packages(ignore) discover
[0.719s] Level 1:colcon.colcon_core.package_discovery:discover_packages(ignore) using defaults
[0.719s] Level 1:colcon.colcon_core.package_discovery:discover_packages(path) discover
[0.719s] Level 1:colcon.colcon_core.package_discovery:discover_packages(path) using defaults
[0.755s] INFO:colcon.colcon_core.package_selection:Skipping not selected package 'robot_patrol_interface' in 'robot_patrol_interface'
[0.761s] Level 5:colcon.colcon_core.verb:set package 'robot_patrol' build argument 'cmake_args' from command line to 'None'
[0.761s] Level 5:colcon.colcon_core.verb:set package 'robot_patrol' build argument 'cmake_target' from command line to 'None'
[0.761s] Level 5:colcon.colcon_core.verb:set package 'robot_patrol' build argument 'cmake_target_skip_unavailable' from command line to 'False'
[0.761s] Level 5:colcon.colcon_core.verb:set package 'robot_patrol' build argument 'cmake_clean_cache' from command line to 'False'
[0.761s] Level 5:colcon.colcon_core.verb:set package 'robot_patrol' build argument 'cmake_clean_first' from command line to 'False'
[0.761s] Level 5:colcon.colcon_core.verb:set package 'robot_patrol' build argument 'cmake_force_configure' from command line to 'False'
[0.761s] Level 5:colcon.colcon_core.verb:set package 'robot_patrol' build argument 'ament_cmake_args' from command line to 'None'
[0.762s] Level 5:colcon.colcon_core.verb:set package 'robot_patrol' build argument 'catkin_cmake_args' from command line to 'None'
[0.762s] Level 5:colcon.colcon_core.verb:set package 'robot_patrol' build argument 'catkin_skip_building_tests' from command line to 'False'
[0.762s] DEBUG:colcon.colcon_core.verb:Building package 'robot_patrol' with the following arguments: {'ament_cmake_args': None, 'build_base': '/home/user/ros2_ws/src/citylab_project/build/robot_patrol', 'catkin_cmake_args': None, 'catkin_skip_building_tests': False, 'cmake_args': None, 'cmake_clean_cache': False, 'cmake_clean_first': False, 'cmake_force_configure': False, 'cmake_target': None, 'cmake_target_skip_unavailable': False, 'install_base': '/home/user/ros2_ws/src/citylab_project/install/robot_patrol', 'merge_install': False, 'path': '/home/user/ros2_ws/src/citylab_project/robot_patrol', 'symlink_install': False, 'test_result_base': None}
[0.762s] INFO:colcon.colcon_core.executor:Executing jobs using 'parallel' executor
[0.766s] DEBUG:colcon.colcon_parallel_executor.executor.parallel:run_until_complete
[0.766s] INFO:colcon.colcon_ros.task.ament_cmake.build:Building ROS package in '/home/user/ros2_ws/src/citylab_project/robot_patrol' with build type 'ament_cmake'
[0.767s] INFO:colcon.colcon_cmake.task.cmake.build:Building CMake package in '/home/user/ros2_ws/src/citylab_project/robot_patrol'
[0.772s] INFO:colcon.colcon_core.plugin_system:Skipping extension 'colcon_core.shell.bat': Not used on non-Windows systems
[0.773s] INFO:colcon.colcon_core.shell:Skip shell extension 'powershell' for command environment: Not usable outside of PowerShell
[0.773s] DEBUG:colcon.colcon_core.shell:Skip shell extension 'dsv' for command environment
[0.779s] DEBUG:colcon.colcon_core.shell:Ignoring prefix path '/opt/ros/foxy'
[0.779s] WARNING:colcon.colcon_core.shell:The following packages are in the workspace but haven't been built:
- robot_patrol_interface
They are being used from the following locations instead:
- /home/user/ros2_ws/install/robot_patrol_interface
To suppress this warning ignore these packages in the workspace:
--packages-ignore robot_patrol_interface
[0.817s] DEBUG:colcon.colcon_core.event_handler.log_command:Invoking command in '/home/user/ros2_ws/src/citylab_project/build/robot_patrol': CMAKE_PREFIX_PATH=${CMAKE_PREFIX_PATH}:/opt/ros/foxy _=/usr/bin/env /usr/bin/cmake --build /home/user/ros2_ws/src/citylab_project/build/robot_patrol -- -j8 -l8
[18.643s] DEBUG:colcon.colcon_core.event_handler.log_command:Invoked command in '/home/user/ros2_ws/src/citylab_project/build/robot_patrol' returned '0': CMAKE_PREFIX_PATH=${CMAKE_PREFIX_PATH}:/opt/ros/foxy _=/usr/bin/env /usr/bin/cmake --build /home/user/ros2_ws/src/citylab_project/build/robot_patrol -- -j8 -l8
[18.809s] DEBUG:colcon.colcon_core.event_handler.log_command:Invoking command in '/home/user/ros2_ws/src/citylab_project/build/robot_patrol': CMAKE_PREFIX_PATH=${CMAKE_PREFIX_PATH}:/opt/ros/foxy _=/usr/bin/env /usr/bin/cmake --install /home/user/ros2_ws/src/citylab_project/build/robot_patrol
[18.861s] Level 1:colcon.colcon_core.environment:create_environment_scripts_only(robot_patrol)
[18.863s] DEBUG:colcon.colcon_core.event_handler.log_command:Invoked command in '/home/user/ros2_ws/src/citylab_project/build/robot_patrol' returned '0': CMAKE_PREFIX_PATH=${CMAKE_PREFIX_PATH}:/opt/ros/foxy _=/usr/bin/env /usr/bin/cmake --install /home/user/ros2_ws/src/citylab_project/build/robot_patrol
[18.868s] Level 1:colcon.colcon_core.environment:checking '/home/user/ros2_ws/src/citylab_project/install/robot_patrol' for CMake module files
[18.869s] Level 1:colcon.colcon_core.environment:checking '/home/user/ros2_ws/src/citylab_project/install/robot_patrol' for CMake config files
[18.869s] Level 1:colcon.colcon_core.shell:create_environment_hook('robot_patrol', 'cmake_prefix_path')
[18.871s] INFO:colcon.colcon_core.shell:Creating environment hook '/home/user/ros2_ws/src/citylab_project/install/robot_patrol/share/robot_patrol/hook/cmake_prefix_path.ps1'
[18.872s] INFO:colcon.colcon_core.shell:Creating environment descriptor '/home/user/ros2_ws/src/citylab_project/install/robot_patrol/share/robot_patrol/hook/cmake_prefix_path.dsv'
[18.873s] INFO:colcon.colcon_core.shell:Creating environment hook '/home/user/ros2_ws/src/citylab_project/install/robot_patrol/share/robot_patrol/hook/cmake_prefix_path.sh'
[18.874s] Level 1:colcon.colcon_core.environment:checking '/home/user/ros2_ws/src/citylab_project/install/robot_patrol/lib'
[18.875s] Level 1:colcon.colcon_core.shell:create_environment_hook('robot_patrol', 'ld_library_path_lib')
[18.876s] INFO:colcon.colcon_core.shell:Creating environment hook '/home/user/ros2_ws/src/citylab_project/install/robot_patrol/share/robot_patrol/hook/ld_library_path_lib.ps1'
[18.876s] INFO:colcon.colcon_core.shell:Creating environment descriptor '/home/user/ros2_ws/src/citylab_project/install/robot_patrol/share/robot_patrol/hook/ld_library_path_lib.dsv'
[18.877s] INFO:colcon.colcon_core.shell:Creating environment hook '/home/user/ros2_ws/src/citylab_project/install/robot_patrol/share/robot_patrol/hook/ld_library_path_lib.sh'
[18.877s] Level 1:colcon.colcon_core.environment:checking '/home/user/ros2_ws/src/citylab_project/install/robot_patrol/bin'
[18.877s] Level 1:colcon.colcon_core.environment:checking '/home/user/ros2_ws/src/citylab_project/install/robot_patrol/lib/pkgconfig/robot_patrol.pc'
[18.878s] Level 1:colcon.colcon_core.environment:checking '/home/user/ros2_ws/src/citylab_project/install/robot_patrol/lib/python3.8/site-packages'
[18.879s] INFO:colcon.colcon_core.shell:Creating package script '/home/user/ros2_ws/src/citylab_project/install/robot_patrol/share/robot_patrol/package.ps1'
[18.880s] INFO:colcon.colcon_core.shell:Creating package descriptor '/home/user/ros2_ws/src/citylab_project/install/robot_patrol/share/robot_patrol/package.dsv'
[18.881s] INFO:colcon.colcon_core.shell:Creating package script '/home/user/ros2_ws/src/citylab_project/install/robot_patrol/share/robot_patrol/package.sh'
[18.882s] INFO:colcon.colcon_core.shell:Creating package script '/home/user/ros2_ws/src/citylab_project/install/robot_patrol/share/robot_patrol/package.bash'
[18.882s] INFO:colcon.colcon_core.shell:Creating package script '/home/user/ros2_ws/src/citylab_project/install/robot_patrol/share/robot_patrol/package.zsh'
[18.883s] Level 1:colcon.colcon_core.environment:create_file_with_runtime_dependencies(/home/user/ros2_ws/src/citylab_project/install/robot_patrol/share/colcon-core/packages/robot_patrol)
[19.074s] Level 1:colcon.colcon_core.environment:create_environment_scripts_only(robot_patrol)
[19.075s] Level 1:colcon.colcon_core.environment:checking '/home/user/ros2_ws/src/citylab_project/install/robot_patrol' for CMake module files
[19.076s] Level 1:colcon.colcon_core.environment:checking '/home/user/ros2_ws/src/citylab_project/install/robot_patrol' for CMake config files
[19.076s] Level 1:colcon.colcon_core.shell:create_environment_hook('robot_patrol', 'cmake_prefix_path')
[19.077s] INFO:colcon.colcon_core.shell:Creating environment hook '/home/user/ros2_ws/src/citylab_project/install/robot_patrol/share/robot_patrol/hook/cmake_prefix_path.ps1'
[19.078s] INFO:colcon.colcon_core.shell:Creating environment descriptor '/home/user/ros2_ws/src/citylab_project/install/robot_patrol/share/robot_patrol/hook/cmake_prefix_path.dsv'
[19.079s] INFO:colcon.colcon_core.shell:Creating environment hook '/home/user/ros2_ws/src/citylab_project/install/robot_patrol/share/robot_patrol/hook/cmake_prefix_path.sh'
[19.080s] Level 1:colcon.colcon_core.environment:checking '/home/user/ros2_ws/src/citylab_project/install/robot_patrol/lib'
[19.080s] Level 1:colcon.colcon_core.shell:create_environment_hook('robot_patrol', 'ld_library_path_lib')
[19.081s] INFO:colcon.colcon_core.shell:Creating environment hook '/home/user/ros2_ws/src/citylab_project/install/robot_patrol/share/robot_patrol/hook/ld_library_path_lib.ps1'
[19.082s] INFO:colcon.colcon_core.shell:Creating environment descriptor '/home/user/ros2_ws/src/citylab_project/install/robot_patrol/share/robot_patrol/hook/ld_library_path_lib.dsv'
[19.082s] INFO:colcon.colcon_core.shell:Creating environment hook '/home/user/ros2_ws/src/citylab_project/install/robot_patrol/share/robot_patrol/hook/ld_library_path_lib.sh'
[19.083s] Level 1:colcon.colcon_core.environment:checking '/home/user/ros2_ws/src/citylab_project/install/robot_patrol/bin'
[19.083s] Level 1:colcon.colcon_core.environment:checking '/home/user/ros2_ws/src/citylab_project/install/robot_patrol/lib/pkgconfig/robot_patrol.pc'
[19.083s] Level 1:colcon.colcon_core.environment:checking '/home/user/ros2_ws/src/citylab_project/install/robot_patrol/lib/python3.8/site-packages'
[19.085s] INFO:colcon.colcon_core.shell:Creating package script '/home/user/ros2_ws/src/citylab_project/install/robot_patrol/share/robot_patrol/package.ps1'
[19.086s] INFO:colcon.colcon_core.shell:Creating package descriptor '/home/user/ros2_ws/src/citylab_project/install/robot_patrol/share/robot_patrol/package.dsv'
[19.086s] INFO:colcon.colcon_core.shell:Creating package script '/home/user/ros2_ws/src/citylab_project/install/robot_patrol/share/robot_patrol/package.sh'
[19.087s] INFO:colcon.colcon_core.shell:Creating package script '/home/user/ros2_ws/src/citylab_project/install/robot_patrol/share/robot_patrol/package.bash'
[19.088s] INFO:colcon.colcon_core.shell:Creating package script '/home/user/ros2_ws/src/citylab_project/install/robot_patrol/share/robot_patrol/package.zsh'
[19.089s] Level 1:colcon.colcon_core.environment:create_file_with_runtime_dependencies(/home/user/ros2_ws/src/citylab_project/install/robot_patrol/share/colcon-core/packages/robot_patrol)
[19.089s] DEBUG:colcon.colcon_parallel_executor.executor.parallel:closing loop
[19.091s] DEBUG:colcon.colcon_parallel_executor.executor.parallel:loop closed
[19.091s] DEBUG:colcon.colcon_parallel_executor.executor.parallel:run_until_complete finished with '0'
[19.091s] DEBUG:colcon.colcon_core.event_reactor:joining thread
[19.102s] INFO:colcon.colcon_core.plugin_system:Skipping extension 'colcon_notification.desktop_notification.notify_send': Could not find 'notify-send'
[19.102s] INFO:colcon.colcon_core.plugin_system:Skipping extension 'colcon_notification.desktop_notification.terminal_notifier': Not used on non-Darwin systems
[19.102s] INFO:colcon.colcon_core.plugin_system:Skipping extension 'colcon_notification.desktop_notification.win32': Not used on non-Windows systems
[19.102s] INFO:colcon.colcon_notification.desktop_notification:Sending desktop notification using 'notify2'
[19.127s] DEBUG:colcon.colcon_notification.desktop_notification.notify2:Failed to initialize notify2: org.freedesktop.DBus.Error.ServiceUnknown: The name org.freedesktop.Notifications was not provided by any .service files
[19.128s] DEBUG:colcon.colcon_core.event_reactor:joined thread
[19.130s] INFO:colcon.colcon_core.shell:Creating prefix script '/home/user/ros2_ws/src/citylab_project/install/local_setup.ps1'
[19.132s] INFO:colcon.colcon_core.shell:Creating prefix util module '/home/user/ros2_ws/src/citylab_project/install/_local_setup_util_ps1.py'
[19.134s] INFO:colcon.colcon_core.shell:Creating prefix chain script '/home/user/ros2_ws/src/citylab_project/install/setup.ps1'
[19.139s] INFO:colcon.colcon_core.shell:Creating prefix script '/home/user/ros2_ws/src/citylab_project/install/local_setup.sh'
[19.140s] INFO:colcon.colcon_core.shell:Creating prefix util module '/home/user/ros2_ws/src/citylab_project/install/_local_setup_util_sh.py'
[19.141s] INFO:colcon.colcon_core.shell:Creating prefix chain script '/home/user/ros2_ws/src/citylab_project/install/setup.sh'
[19.146s] INFO:colcon.colcon_core.shell:Creating prefix script '/home/user/ros2_ws/src/citylab_project/install/local_setup.bash'
[19.147s] INFO:colcon.colcon_core.shell:Creating prefix chain script '/home/user/ros2_ws/src/citylab_project/install/setup.bash'
[19.152s] INFO:colcon.colcon_core.shell:Creating prefix script '/home/user/ros2_ws/src/citylab_project/install/local_setup.zsh'
[19.152s] INFO:colcon.colcon_core.shell:Creating prefix chain script '/home/user/ros2_ws/src/citylab_project/install/setup.zsh'
